<?xml version="1.0" encoding="UTF-8"?>
<robot generator="Robot 6.1 (Python 3.11.3 on win32)" generated="20230625 04:19:08.928" rpa="false" schemaversion="4">
<suite id="s1" name="Test" source="C:\Users\Yana\Desktop\Yana__codelab\Project 2\test.robot">
<test id="s1-t1" name="Robot First Test Case" line="6">
<kw name="Open Page">
<arg>https://codelab.eu</arg>
<msg timestamp="20230625 04:19:08.957" level="FAIL">No keyword with name 'Open Page' found.</msg>
<status status="FAIL" starttime="20230625 04:19:08.957" endtime="20230625 04:19:08.957"/>
</kw>
<status status="FAIL" starttime="20230625 04:19:08.956" endtime="20230625 04:19:08.958">No keyword with name 'Open Page' found.</status>
</test>
<test id="s1-t2" name="Robot Second Test Case" line="8">
<kw name="Click Button">
<arg>https://codelab.eu</arg>
<arg>/html/body/main/section[1]/div/div[2]/div/div[1]/div/nav/div/ul/li[1]</arg>
<msg timestamp="20230625 04:19:08.962" level="FAIL">No keyword with name 'Click Button' found.</msg>
<status status="FAIL" starttime="20230625 04:19:08.962" endtime="20230625 04:19:08.962"/>
</kw>
<status status="FAIL" starttime="20230625 04:19:08.961" endtime="20230625 04:19:08.963">No keyword with name 'Click Button' found.</status>
</test>
<test id="s1-t3" name="Robot Third Test Case" line="10">
<kw name="Verify Redirect">
<arg>https://codelab.eu/en/services</arg>
<msg timestamp="20230625 04:19:08.966" level="FAIL">No keyword with name 'Verify Redirect' found.</msg>
<status status="FAIL" starttime="20230625 04:19:08.966" endtime="20230625 04:19:08.966"/>
</kw>
<status status="FAIL" starttime="20230625 04:19:08.964" endtime="20230625 04:19:08.966">No keyword with name 'Verify Redirect' found.</status>
</test>
<status status="FAIL" starttime="20230625 04:19:08.928" endtime="20230625 04:19:08.968"/>
</suite>
<statistics>
<total>
<stat pass="0" fail="3" skip="0">All Tests</stat>
</total>
<tag>
</tag>
<suite>
<stat pass="0" fail="3" skip="0" id="s1" name="Test">Test</stat>
</suite>
</statistics>
<errors>
<msg timestamp="20230625 04:19:08.943" level="ERROR">Error in file 'C:\Users\Yana\Desktop\Yana__codelab\Project 2\test.robot' on line 2: Importing library 'kewo.py.Page' failed: ModuleNotFoundError: No module named 'kewo'
Traceback (most recent call last):
  None
PYTHONPATH:
  C:\Users\Yana\AppData\Local\Programs\Python\Python311\Scripts\robot.exe
  C:\Users\Yana\AppData\Local\Programs\Python\Python311\python311.zip
  C:\Users\Yana\AppData\Local\Programs\Python\Python311\DLLs
  C:\Users\Yana\AppData\Local\Programs\Python\Python311\Lib
  C:\Users\Yana\AppData\Local\Programs\Python\Python311
  C:\Users\Yana\AppData\Local\Programs\Python\Python311\Lib\site-packages</msg>
</errors>
</robot>
